<?xml version="1.0" encoding="UTF-8"?>
<!-- Generated by org.testng.reporters.JUnitReportReporter -->
<testsuite skipped="0" hostname="TYFF-4F-88" name="com.app.testCases.LogInToApp" tests="1" failures="0" timestamp="08 Jan 2020 12:09:58 GMT" time="12.441" errors="0">
  <testcase name="loginToApp" time="12.441" classname="com.app.testCases.LogInToApp"/>
</testsuite> <!-- com.app.testCases.LogInToApp -->
