<?xml version="1.0" encoding="UTF-8"?>
<!-- Generated by org.testng.reporters.JUnitReportReporter -->
<testsuite skipped="0" hostname="TYFF-4F-88" name="com.app.testCases.LoginWithInvalidCreds" tests="1" failures="0" timestamp="09 Jan 2020 06:41:16 GMT" time="11.905" errors="0">
  <testcase name="loginTest" time="11.905" classname="com.app.testCases.LoginWithInvalidCreds"/>
</testsuite> <!-- com.app.testCases.LoginWithInvalidCreds -->
