<?xml version="1.0" encoding="UTF-8"?>
<!-- Generated by org.testng.reporters.JUnitReportReporter -->
<testsuite skipped="0" hostname="TYFF-4F-88" name="com.app.testCases.SetCellValue" tests="1" failures="0" timestamp="08 Jan 2020 11:41:31 GMT" time="0.804" errors="0">
  <testcase name="setValue" time="0.804" classname="com.app.testCases.SetCellValue"/>
</testsuite> <!-- com.app.testCases.SetCellValue -->
