<?xml version="1.0" encoding="UTF-8"?>
<!-- Generated by org.testng.reporters.JUnitReportReporter -->
<testsuite skipped="0" hostname="TYFF-4F-88" name="com.app.testCases.Test1" tests="1" failures="0" timestamp="19 Dec 2019 05:59:04 GMT" time="0.344" errors="0">
  <testcase name="test1" time="0.344" classname="com.app.testCases.Test1"/>
</testsuite> <!-- com.app.testCases.Test1 -->
