<?xml version="1.0" encoding="UTF-8"?>
<!-- Generated by org.testng.reporters.JUnitReportReporter -->
<testsuite skipped="0" hostname="TYFF-4F-88" name="com.app.testCases.LogOutFromApp" tests="1" failures="0" timestamp="08 Jan 2020 13:26:46 GMT" time="22.360" errors="0">
  <testcase name="login" time="22.360" classname="com.app.testCases.LogOutFromApp"/>
</testsuite> <!-- com.app.testCases.LogOutFromApp -->
