<?xml version="1.0" encoding="UTF-8"?>
<!-- Generated by org.testng.reporters.JUnitReportReporter -->
<testsuite skipped="0" hostname="TYFF-4F-88" name="com.app.testCases.EditAccInfoTest" tests="1" failures="0" timestamp="09 Jan 2020 12:56:53 GMT" time="12.028" errors="0">
  <testcase name="editAccInfo" time="12.028" classname="com.app.testCases.EditAccInfoTest"/>
</testsuite> <!-- com.app.testCases.EditAccInfoTest -->
