<?xml version="1.0" encoding="UTF-8"?>
<!-- Generated by org.testng.reporters.JUnitReportReporter -->
<testsuite skipped="0" hostname="TYFF-4F-88" name="com.app.testCases.ModifyPasswordTest" tests="1" failures="0" timestamp="08 Jan 2020 13:26:46 GMT" time="28.012" errors="0">
  <testcase name="loginToApp" time="28.012" classname="com.app.testCases.ModifyPasswordTest"/>
</testsuite> <!-- com.app.testCases.ModifyPasswordTest -->
