<?xml version="1.0" encoding="UTF-8"?>
<!-- Generated by org.testng.reporters.JUnitReportReporter -->
<testsuite skipped="0" hostname="TYFF-4F-88" name="com.app.testCases.RemoveFromWishList" tests="1" failures="0" timestamp="02 Jan 2020 13:25:30 GMT" time="29.932" errors="0">
  <testcase name="addToWishlist" time="29.932" classname="com.app.testCases.RemoveFromWishList"/>
</testsuite> <!-- com.app.testCases.RemoveFromWishList -->
