<?xml version="1.0" encoding="UTF-8"?>
<!-- Generated by org.testng.reporters.JUnitReportReporter -->
<testsuite skipped="0" hostname="TYFF-4F-88" name="com.app.testCases.SingUpAccountWithExistingCreds" tests="1" failures="0" timestamp="09 Jan 2020 09:04:55 GMT" time="16.103" errors="0">
  <testcase name="homeTest" time="16.103" classname="com.app.testCases.SingUpAccountWithExistingCreds"/>
</testsuite> <!-- com.app.testCases.SingUpAccountWithExistingCreds -->
