<?xml version="1.0" encoding="UTF-8"?>
<!-- Generated by org.testng.reporters.JUnitReportReporter -->
<testsuite skipped="0" hostname="TYFF-4F-88" name="com.app.testCases.SortPriceFromLowTOHigh" tests="1" failures="0" timestamp="03 Jan 2020 13:22:57 GMT" time="97.048" errors="0">
  <testcase name="validateDiscountInAscending" time="97.048" classname="com.app.testCases.SortPriceFromLowTOHigh"/>
</testsuite> <!-- com.app.testCases.SortPriceFromLowTOHigh -->
