<?xml version="1.0" encoding="UTF-8"?>
<!-- Generated by org.testng.reporters.JUnitReportReporter -->
<testsuite skipped="0" hostname="TYSS-4F-41" name="com.app.testscripts.testLoginPage" tests="1" failures="0" timestamp="2019-12-12T15:44:52 IST" time="34.985" errors="0">
  <testcase name="testlogin" time="34.985" classname="com.app.testscripts.testLoginPage"/>
</testsuite> <!-- com.app.testscripts.testLoginPage -->
