<?xml version="1.0" encoding="UTF-8"?>
<!-- Generated by org.testng.reporters.JUnitReportReporter -->
<testsuite skipped="0" hostname="TYFF-4F-88" name="com.app.testCases.AddToWishlistTest" tests="1" failures="0" timestamp="17 Jan 2020 09:11:20 GMT" time="30.937" errors="0">
  <testcase name="addToWishlist" time="30.937" classname="com.app.testCases.AddToWishlistTest"/>
</testsuite> <!-- com.app.testCases.AddToWishlistTest -->
