<?xml version="1.0" encoding="UTF-8"?>
<!-- Generated by org.testng.reporters.JUnitReportReporter -->
<testsuite skipped="0" hostname="TYSS-4F-33" name="com.app.testCases.AddToBasketAndIncreaseQTY" tests="1" failures="0" timestamp="23 Jan 2020 05:30:02 GMT" time="51.109" errors="0">
  <testcase name="validateDiscountInAscending" time="51.109" classname="com.app.testCases.AddToBasketAndIncreaseQTY"/>
</testsuite> <!-- com.app.testCases.AddToBasketAndIncreaseQTY -->
