<?xml version="1.0" encoding="UTF-8"?>
<!-- Generated by org.testng.reporters.JUnitReportReporter -->
<testsuite skipped="0" hostname="TYSS-4F-33" name="com.app.testCases.WriteReview" tests="1" failures="0" timestamp="23 Jan 2020 12:37:32 GMT" time="57.578" errors="0">
  <testcase name="validateDiscountInAscending" time="57.578" classname="com.app.testCases.WriteReview"/>
</testsuite> <!-- com.app.testCases.WriteReview -->
